0 verbose cli /usr/local/bin/node /usr/local/bin/npm
1 info using npm@11.5.2
2 info using node@v24.7.0
3 silly config load:file:/usr/local/lib/node_modules/npm/npmrc
4 silly config load:file:/home/container/.npmrc
5 silly config load:file:/usr/local/etc/npmrc
6 verbose title npm install deploy-commands.js
7 verbose argv "install" "deploy-commands.js"
8 verbose logfile logs-max:10 dir:/home/container/.npm/_logs/2025-09-07T12_23_52_383Z-
9 verbose logfile /home/container/.npm/_logs/2025-09-07T12_23_52_383Z-debug-0.log
10 silly logfile start cleaning logs, removing 1 files
11 silly packumentCache heap:1379139584 maxSize:344784896 maxEntrySize:172392448
12 silly logfile done cleaning log files
13 silly idealTree buildDeps
14 silly fetch manifest deploy-commands.js@*
15 silly packumentCache full:https://registry.npmjs.org/deploy-commands.js cache-miss
16 http fetch GET 404 https://registry.npmjs.org/deploy-commands.js 775ms (cache skip)
17 silly placeDep ROOT deploy-commands.js@ OK for: dc-bot@1.0.0 want: *
18 verbose stack HttpErrorGeneral: 404 Not Found - GET https://registry.npmjs.org/deploy-commands.js - Not found
18 verbose stack     at /usr/local/lib/node_modules/npm/node_modules/npm-registry-fetch/lib/check-response.js:103:15
18 verbose stack     at process.processTicksAndRejections (node:internal/process/task_queues:105:5)
18 verbose stack     at async RegistryFetcher.packument (/usr/local/lib/node_modules/npm/node_modules/pacote/lib/registry.js:90:19)
18 verbose stack     at async RegistryFetcher.manifest (/usr/local/lib/node_modules/npm/node_modules/pacote/lib/registry.js:128:23)
18 verbose stack     at async #fetchManifest (/usr/local/lib/node_modules/npm/node_modules/@npmcli/arborist/lib/arborist/build-ideal-tree.js:1215:20)
18 verbose stack     at async #nodeFromEdge (/usr/local/lib/node_modules/npm/node_modules/@npmcli/arborist/lib/arborist/build-ideal-tree.js:1053:19)
18 verbose stack     at async #buildDepStep (/usr/local/lib/node_modules/npm/node_modules/@npmcli/arborist/lib/arborist/build-ideal-tree.js:917:11)
18 verbose stack     at async Arborist.buildIdealTree (/usr/local/lib/node_modules/npm/node_modules/@npmcli/arborist/lib/arborist/build-ideal-tree.js:182:7)
18 verbose stack     at async Promise.all (index 1)
18 verbose stack     at async Arborist.reify (/usr/local/lib/node_modules/npm/node_modules/@npmcli/arborist/lib/arborist/reify.js:126:5)
19 verbose statusCode 404
20 verbose pkgid deploy-commands.js@*
21 error code E404
22 error 404 Not Found - GET https://registry.npmjs.org/deploy-commands.js - Not found
23 error 404
24 error 404  The requested resource 'deploy-commands.js@*' could not be found or you do not have permission to access it.
25 error 404
26 error 404 Note that you can also install from a
27 error 404 tarball, folder, http url, or git url.
28 silly unfinished npm timer reify 1757247833473
29 silly unfinished npm timer reify:loadTrees 1757247833493
30 verbose cwd /home/container
31 verbose os Linux 6.8.0-79-generic
32 verbose node v24.7.0
33 verbose npm  v11.5.2
34 verbose exit 1
35 verbose code 1
36 error A complete log of this run can be found in: /home/container/.npm/_logs/2025-09-07T12_23_52_383Z-debug-0.log
