0 verbose cli /usr/local/bin/node /usr/local/bin/npm
1 info using npm@11.5.2
2 info using node@v24.7.0
3 silly config load:file:/usr/local/lib/node_modules/npm/npmrc
4 silly config load:file:/home/container/.npmrc
5 silly config load:file:/usr/local/etc/npmrc
6 verbose title npm install discord.js
7 verbose argv "install" "discord.js"
8 verbose logfile logs-max:10 dir:/home/container/.npm/_logs/2025-09-07T12_34_30_082Z-
9 verbose logfile /home/container/.npm/_logs/2025-09-07T12_34_30_082Z-debug-0.log
10 silly logfile start cleaning logs, removing 1 files
11 silly packumentCache heap:1379139584 maxSize:344784896 maxEntrySize:172392448
12 silly logfile done cleaning log files
13 silly idealTree buildDeps
14 silly fetch manifest discord.js@^14.22.1
15 silly packumentCache full:https://registry.npmjs.org/discord.js cache-miss
16 http fetch GET 200 https://registry.npmjs.org/discord.js 264ms (cache revalidated)
17 silly packumentCache full:https://registry.npmjs.org/discord.js set size:8021163 disposed:false
18 silly placeDep ROOT discord.js@14.22.1 REPLACE for: dc-bot@1.0.0 want: ^14.22.1
19 silly reify moves {}
20 silly audit bulk request {
20 silly audit   '@discordjs/builders': [ '1.11.2' ],
20 silly audit   '@discordjs/collection': [ '1.5.3', '2.1.1' ],
20 silly audit   '@discordjs/formatters': [ '0.6.1' ],
20 silly audit   '@discordjs/rest': [ '2.6.0' ],
20 silly audit   '@discordjs/util': [ '1.1.1' ],
20 silly audit   '@discordjs/ws': [ '1.2.3' ],
20 silly audit   '@sapphire/async-queue': [ '1.5.5' ],
20 silly audit   '@sapphire/shapeshift': [ '4.0.0' ],
20 silly audit   '@sapphire/snowflake': [ '3.5.3' ],
20 silly audit   '@types/node': [ '24.2.1' ],
20 silly audit   '@types/ws': [ '8.18.1' ],
20 silly audit   '@vladfrangu/async_event_emitter': [ '2.4.6' ],
20 silly audit   'discord-api-types': [ '0.38.18' ],
20 silly audit   dotenv: [ '17.2.1' ],
20 silly audit   'fast-deep-equal': [ '3.1.3' ],
20 silly audit   install: [ '0.13.0' ],
20 silly audit   lodash: [ '4.17.21' ],
20 silly audit   'lodash.snakecase': [ '4.1.1' ],
20 silly audit   'magic-bytes.js': [ '1.12.1' ],
20 silly audit   ms: [ '2.1.3' ],
20 silly audit   npm: [ '11.6.0' ],
20 silly audit   'ansi-regex': [ '6.1.0', '5.0.1' ],
20 silly audit   'emoji-regex': [ '9.2.2', '8.0.0' ],
20 silly audit   'string-width': [ '5.1.2', '4.2.3' ],
20 silly audit   'strip-ansi': [ '7.1.0', '6.0.1' ],
20 silly audit   'ansi-styles': [ '6.2.1', '4.3.0' ],
20 silly audit   chownr: [ '3.0.0', '2.0.0' ],
20 silly audit   minizlib: [ '3.0.2', '2.1.2' ],
20 silly audit   mkdirp: [ '3.0.1', '1.0.4' ],
20 silly audit   tar: [ '7.4.3', '6.2.1' ],
20 silly audit   yallist: [ '5.0.0', '4.0.0' ],
20 silly audit   which: [ '2.0.2', '5.0.0' ],
20 silly audit   'fs-minipass': [ '3.0.3', '2.1.0' ],
20 silly audit   isexe: [ '2.0.0', '3.1.1' ],
20 silly audit   minipass: [ '7.1.2', '3.3.6', '5.0.0' ],
20 silly audit   'spdx-expression-parse': [ '3.0.1', '4.0.0' ],
20 silly audit   'wrap-ansi': [ '8.1.0', '7.0.0' ],
20 silly audit   'ts-mixer': [ '6.0.4' ],
20 silly audit   tslib: [ '2.8.1' ],
20 silly audit   undici: [ '6.21.3' ],
20 silly audit   'undici-types': [ '7.10.0' ],
20 silly audit   ws: [ '8.18.3' ],
20 silly audit   'discord.js': [ '14.22.1' ],
20 silly audit   '@isaacs/cliui': [ '8.0.2' ],
20 silly audit   '@isaacs/fs-minipass': [ '4.0.1' ],
20 silly audit   '@isaacs/string-locale-compare': [ '1.1.0' ],
20 silly audit   '@npmcli/agent': [ '3.0.0' ],
20 silly audit   '@npmcli/arborist': [ '9.1.4' ],
20 silly audit   '@npmcli/config': [ '10.4.0' ],
20 silly audit   '@npmcli/fs': [ '4.0.0' ],
20 silly audit   '@npmcli/git': [ '6.0.3' ],
20 silly audit   '@npmcli/installed-package-contents': [ '3.0.0' ],
20 silly audit   '@npmcli/map-workspaces': [ '4.0.2' ],
20 silly audit   '@npmcli/metavuln-calculator': [ '9.0.1' ],
20 silly audit   '@npmcli/name-from-folder': [ '3.0.0' ],
20 silly audit   '@npmcli/node-gyp': [ '4.0.0' ],
20 silly audit   '@npmcli/package-json': [ '6.2.0' ],
20 silly audit   '@npmcli/promise-spawn': [ '8.0.2' ],
20 silly audit   '@npmcli/query': [ '4.0.1' ],
20 silly audit   '@npmcli/redact': [ '3.2.2' ],
20 silly audit   '@npmcli/run-script': [ '9.1.0' ],
20 silly audit   '@pkgjs/parseargs': [ '0.11.0' ],
20 silly audit   '@sigstore/bundle': [ '3.1.0' ],
20 silly audit   '@sigstore/core': [ '2.0.0' ],
20 silly audit   '@sigstore/protobuf-specs': [ '0.4.3' ],
20 silly audit   '@sigstore/sign': [ '3.1.0' ],
20 silly audit   '@sigstore/tuf': [ '3.1.1' ],
20 silly audit   '@sigstore/verify': [ '2.1.1' ],
20 silly audit   '@tufjs/canonical-json': [ '2.0.0' ],
20 silly audit   '@tufjs/models': [ '3.0.1' ],
20 silly audit   abbrev: [ '3.0.1' ],
20 silly audit   'agent-base': [ '7.1.4' ],
20 silly audit   aproba: [ '2.1.0' ],
20 silly audit   archy: [ '1.0.0' ],
20 silly audit   'balanced-match': [ '1.0.2' ],
20 silly audit   'bin-links': [ '5.0.0' ],
20 silly audit   'binary-extensions': [ '3.1.0' ],
20 silly audit   'brace-expansion': [ '2.0.2' ],
20 silly audit   cacache: [ '19.0.1' ],
20 silly audit   chalk: [ '5.4.1' ],
20 silly audit   'ci-info': [ '4.3.0' ],
20 silly audit   'cidr-regex': [ '4.1.3' ],
20 silly audit   'cli-columns': [ '4.0.0' ],
20 silly audit   'cmd-shim': [ '7.0.0' ],
20 silly audit   'color-convert': [ '2.0.1' ],
20 silly audit   'color-name': [ '1.1.4' ],
20 silly audit   'common-ancestor-path': [ '1.0.1' ],
20 silly audit   'cross-spawn': [ '7.0.6' ],
20 silly audit   cssesc: [ '3.0.0' ],
20 silly audit   debug: [ '4.4.1' ],
20 silly audit   diff: [ '7.0.0' ],
20 silly audit   eastasianwidth: [ '0.2.0' ],
20 silly audit   encoding: [ '0.1.13' ],
20 silly audit   'env-paths': [ '2.2.1' ],
20 silly audit   'err-code': [ '2.0.3' ],
20 silly audit   'exponential-backoff': [ '3.1.2' ],
20 silly audit   'fastest-levenshtein': [ '1.0.16' ],
20 silly audit   'foreground-child': [ '3.3.1' ],
20 silly audit   glob: [ '10.4.5' ],
20 silly audit   'graceful-fs': [ '4.2.11' ],
20 silly audit   'hosted-git-info': [ '8.1.0' ],
20 silly audit   'http-cache-semantics': [ '4.2.0' ],
20 silly audit   'http-proxy-agent': [ '7.0.2' ],
20 silly audit   'https-proxy-agent': [ '7.0.6' ],
20 silly audit   'iconv-lite': [ '0.6.3' ],
20 silly audit   'ignore-walk': [ '7.0.0' ],
20 silly audit   imurmurhash: [ '0.1.4' ],
20 silly audit   ini: [ '5.0.0' ],
20 silly audit   'init-package-json': [ '8.2.1' ],
20 silly audit   'ip-address': [ '9.0.5' ],
20 silly audit   'ip-regex': [ '5.0.0' ],
20 silly audit   'is-cidr': [ '5.1.1' ],
20 silly audit   'is-fullwidth-code-point': [ '3.0.0' ],
20 silly audit   jackspeak: [ '3.4.3' ],
20 silly audit   jsbn: [ '1.1.0' ],
20 silly audit   'json-parse-even-better-errors': [ '4.0.0' ],
20 silly audit   'json-stringify-nice': [ '1.1.4' ],
20 silly audit   jsonparse: [ '1.3.1' ],
20 silly audit   'just-diff': [ '6.0.2' ],
20 silly audit   'just-diff-apply': [ '5.5.0' ],
20 silly audit   libnpmaccess: [ '10.0.1' ],
20 silly audit   libnpmdiff: [ '8.0.7' ],
20 silly audit   libnpmexec: [ '10.1.6' ],
20 silly audit   libnpmfund: [ '7.0.7' ],
20 silly audit   libnpmorg: [ '8.0.0' ],
20 silly audit   libnpmpack: [ '9.0.7' ],
20 silly audit   libnpmpublish: [ '11.1.0' ],
20 silly audit   libnpmsearch: [ '9.0.0' ],
20 silly audit   libnpmteam: [ '8.0.1' ],
20 silly audit   libnpmversion: [ '8.0.1' ],
20 silly audit   'lru-cache': [ '10.4.3' ],
20 silly audit   'make-fetch-happen': [ '14.0.3' ],
20 silly audit   negotiator: [ '1.0.0' ],
20 silly audit   minimatch: [ '9.0.5' ],
20 silly audit   'minipass-collect': [ '2.0.1' ],
20 silly audit   'minipass-fetch': [ '4.0.1' ],
20 silly audit   'minipass-flush': [ '1.0.5' ],
20 silly audit   'minipass-pipeline': [ '1.2.4' ],
20 silly audit   'minipass-sized': [ '1.0.3' ],
20 silly audit   'mute-stream': [ '2.0.0' ],
20 silly audit   'node-gyp': [ '11.2.0' ],
20 silly audit   nopt: [ '8.1.0' ],
20 silly audit   'normalize-package-data': [ '7.0.1' ],
20 silly audit   'npm-audit-report': [ '6.0.0' ],
20 silly audit   'npm-bundled': [ '4.0.0' ],
20 silly audit   'npm-install-checks': [ '7.1.1' ],
20 silly audit   'npm-normalize-package-bin': [ '4.0.0' ],
20 silly audit   'npm-package-arg': [ '12.0.2' ],
20 silly audit   'npm-packlist': [ '10.0.0' ],
20 silly audit   'npm-pick-manifest': [ '10.0.0' ],
20 silly audit   'npm-profile': [ '11.0.1' ],
20 silly audit   'npm-registry-fetch': [ '18.0.2' ],
20 silly audit   'npm-user-validate': [ '3.0.0' ],
20 silly audit   'p-map': [ '7.0.3' ],
20 silly audit   'package-json-from-dist': [ '1.0.1' ],
20 silly audit   pacote: [ '21.0.0' ],
20 silly audit   'parse-conflict-json': [ '4.0.0' ],
20 silly audit   'path-key': [ '3.1.1' ],
20 silly audit   'path-scurry': [ '1.11.1' ],
20 silly audit   'postcss-selector-parser': [ '7.1.0' ],
20 silly audit   'proc-log': [ '5.0.0' ],
20 silly audit   proggy: [ '3.0.0' ],
20 silly audit   'promise-all-reject-late': [ '1.0.1' ],
20 silly audit   'promise-call-limit': [ '3.0.2' ],
20 silly audit   'promise-retry': [ '2.0.1' ],
20 silly audit   promzard: [ '2.0.0' ],
20 silly audit   'qrcode-terminal': [ '0.12.0' ],
20 silly audit   read: [ '4.1.0' ],
20 silly audit   'read-cmd-shim': [ '5.0.0' ],
20 silly audit   'read-package-json-fast': [ '4.0.0' ],
20 silly audit   retry: [ '0.12.0' ],
20 silly audit   'safer-buffer': [ '2.1.2' ],
20 silly audit   semver: [ '7.7.2' ],
20 silly audit   'shebang-command': [ '2.0.0' ],
20 silly audit   'shebang-regex': [ '3.0.0' ],
20 silly audit   'signal-exit': [ '4.1.0' ],
20 silly audit   sigstore: [ '3.1.0' ],
20 silly audit   'smart-buffer': [ '4.2.0' ],
20 silly audit   socks: [ '2.8.6' ],
20 silly audit   'socks-proxy-agent': [ '8.0.5' ],
20 silly audit   'spdx-correct': [ '3.2.0' ],
20 silly audit   'spdx-exceptions': [ '2.5.0' ],
20 silly audit   'spdx-license-ids': [ '3.0.21' ],
20 silly audit   'sprintf-js': [ '1.1.3' ],
20 silly audit   ssri: [ '12.0.0' ],
20 silly audit   'supports-color': [ '10.0.0' ],
20 silly audit   'text-table': [ '0.2.0' ],
20 silly audit   'tiny-relative-date': [ '1.3.0' ],
20 silly audit   tinyglobby: [ '0.2.14' ],
20 silly audit   fdir: [ '6.4.6' ],
20 silly audit   picomatch: [ '4.0.3' ],
20 silly audit   treeverse: [ '3.0.0' ],
20 silly audit   'tuf-js': [ '3.1.0' ],
20 silly audit   'unique-filename': [ '4.0.0' ],
20 silly audit   'unique-slug': [ '5.0.0' ],
20 silly audit   'util-deprecate': [ '1.0.2' ],
20 silly audit   'validate-npm-package-license': [ '3.0.4' ],
20 silly audit   'validate-npm-package-name': [ '6.0.2' ],
20 silly audit   'walk-up-path': [ '4.0.0' ],
20 silly audit   'write-file-atomic': [ '6.0.0' ]
20 silly audit }
21 http fetch POST 200 https://registry.npmjs.org/-/npm/v1/security/advisories/bulk 229ms
22 silly audit report {}
23 verbose cwd /home/container
24 verbose os Linux 6.8.0-79-generic
25 verbose node v24.7.0
26 verbose npm  v11.5.2
27 verbose exit 0
28 info ok
